<?xml version="1.0" encoding="UTF-8"?>
<!-- Generated by org.testng.reporters.JUnitReportReporter -->
<testsuite hostname="DESKTOP-JACOFGL" failures="0" tests="1" name="STATIC_DATA_API.Four_HotelPortfolio" time="4.559" errors="0" timestamp="2024-04-16T13:38:57 IST" skipped="0">
  <testcase classname="STATIC_DATA_API.Four_HotelPortfolio" name="HotelPortfolio" time="4.559"/>
</testsuite> <!-- STATIC_DATA_API.Four_HotelPortfolio -->
