<?xml version="1.0" encoding="UTF-8"?>
<!-- Generated by org.testng.reporters.JUnitReportReporter -->
<testsuite hostname="DESKTOP-JACOFGL" failures="0" tests="1" name="Practise.DemoPractiseSOAPAPI" time="2.896" errors="0" timestamp="2024-04-24T16:54:06 IST" skipped="0">
  <testcase classname="Practise.DemoPractiseSOAPAPI" name="DemoSOAP" time="2.896"/>
</testsuite> <!-- Practise.DemoPractiseSOAPAPI -->
