<?xml version="1.0" encoding="UTF-8"?>
<!-- Generated by org.testng.reporters.JUnitReportReporter -->
<testsuite hostname="DESKTOP-JACOFGL" failures="0" tests="1" name="Practise.DemoCountryNameGetExample" time="4.557" errors="0" timestamp="2024-05-01T10:49:56 IST" skipped="0">
  <testcase classname="Practise.DemoCountryNameGetExample" name="Example2" time="4.557"/>
</testsuite> <!-- Practise.DemoCountryNameGetExample -->
