<?xml version="1.0" encoding="UTF-8"?>
<!-- Generated by org.testng.reporters.JUnitReportReporter -->
<testsuite hostname="DESKTOP-JACOFGL" failures="0" tests="1" name="Practise.DemoPhoneCodeTest" time="8.245" errors="0" timestamp="2024-05-01T11:28:42 IST" skipped="0">
  <testcase classname="Practise.DemoPhoneCodeTest" name="Example2" time="8.245"/>
</testsuite> <!-- Practise.DemoPhoneCodeTest -->
