<?xml version="1.0" encoding="UTF-8"?>
<!-- Generated by org.testng.reporters.JUnitReportReporter -->
<testsuite hostname="DESKTOP-JACOFGL" failures="0" tests="1" name="Practise.DemoExample" time="2.847" errors="0" timestamp="2024-04-25T08:56:55 IST" skipped="0">
  <testcase classname="Practise.DemoExample" name="DemoSOAP5" time="2.847"/>
</testsuite> <!-- Practise.DemoExample -->
