<?xml version="1.0" encoding="UTF-8"?>
<!-- Generated by org.testng.reporters.JUnitReportReporter -->
<testsuite hostname="DESKTOP-JACOFGL" failures="0" tests="1" name="Practise.DemoCoutryExample" time="2.853" errors="0" timestamp="2024-04-29T10:15:32 IST" skipped="0">
  <testcase classname="Practise.DemoCoutryExample" name="Example2" time="2.853"/>
</testsuite> <!-- Practise.DemoCoutryExample -->
