<?xml version="1.0" encoding="UTF-8"?>
<!-- Generated by org.testng.reporters.JUnitReportReporter -->
<testsuite hostname="DESKTOP-JACOFGL" failures="0" tests="1" name="STATIC_DATA_API.DemoPractiseSOAPAPI" time="3.440" errors="0" timestamp="2024-04-25T14:02:13 IST" skipped="0">
  <testcase classname="STATIC_DATA_API.DemoPractiseSOAPAPI" name="DemoSOAP4" time="3.440"/>
</testsuite> <!-- STATIC_DATA_API.DemoPractiseSOAPAPI -->
